<?xml version="1.0" encoding="UTF-8"?>
<!-- Generated by org.testng.reporters.JUnitXMLReporter -->
<testsuite ignored="0" hostname="DTP-SDE47-IND" failures="0" tests="4" name="Default test" time="1.88" errors="0" timestamp="2024-07-21T12:02:46 IST">
  <testcase classname="TestsRunner.MovieAPITestRunner" name="acessAPIWithoutToken" time="0.496"/>
  <testcase classname="TestsRunner.MovieAPITestRunner" name="verifyMovieID_with_highest_awards_Won" time="0.65"/>
  <testcase classname="TestsRunner.MovieAPITestRunner" name="verifyTotalMovieCount" time="0.018"/>
  <testcase classname="TestsRunner.MovieAPITestRunner" name="verify_ifDialogExists" time="0.673"/>
</testsuite> <!-- Default test -->
