<?xml version="1.0" encoding="UTF-8"?>
<!-- Generated by org.testng.reporters.JUnitXMLReporter -->
<testsuite ignored="3" hostname="DTP-SDE47-IND" failures="0" tests="1" name="Default test" time="1.35" errors="0" timestamp="2024-07-21T01:02:14 IST">
  <testcase classname="TestsRunner.MovieAPITestRunner" name="verify_ifDialogExists" time="1.306"/>
  <testcase classname="TestsRunner.MovieAPITestRunner" name="verifyTotalMovieCount" time="0.0">
    <ignored/>
  </testcase> <!-- verifyTotalMovieCount -->
  <testcase classname="TestsRunner.MovieAPITestRunner" name="verifyMovieID_with_highest_awards_Won" time="0.0">
    <ignored/>
  </testcase> <!-- verifyMovieID_with_highest_awards_Won -->
  <testcase classname="TestsRunner.MovieAPITestRunner" name="acessAPIWithoutToken" time="0.0">
    <ignored/>
  </testcase> <!-- acessAPIWithoutToken -->
</testsuite> <!-- Default test -->
