<?xml version="1.0" encoding="UTF-8"?>
<!-- Generated by org.testng.reporters.JUnitXMLReporter -->
<testsuite ignored="0" hostname="DTP-SDE47-IND" failures="0" tests="8" name="Test" time="11.921" errors="0" timestamp="2024-07-21T21:05:21 IST">
  <testcase classname="TestsRunner.BooksTestsRunner" name="VerifyBookNameById" time="0.026"/>
  <testcase classname="TestsRunner.BooksTestsRunner" name="VerifybookIdbyname" time="0.001"/>
  <testcase classname="TestsRunner.BooksTestsRunner" name="verifyTotalBooks" time="0.001"/>
  <testcase classname="TestsRunner.MovieAPITestRunner" name="verifyMovieID_with_highest_RTSCore" time="0.653"/>
  <testcase classname="TestsRunner.MovieAPITestRunner" name="acessAPIWithoutToken" time="0.447"/>
  <testcase classname="TestsRunner.MovieAPITestRunner" name="verifyMovieID_with_highest_awards_Won" time="0.081"/>
  <testcase classname="TestsRunner.MovieAPITestRunner" name="verifyTotalMovieCount" time="0.015"/>
  <testcase classname="TestsRunner.MovieAPITestRunner" name="verify_ifDialogExists" time="10.672"/>
</testsuite> <!-- Test -->
