<?xml version="1.0" encoding="UTF-8"?>
<!-- Generated by org.testng.reporters.JUnitXMLReporter -->
<testsuite ignored="0" hostname="DTP-SDE47-IND" failures="0" tests="7" name="Test" time="1.859" errors="0" timestamp="2024-07-21T12:04:26 IST">
  <testcase classname="TestsRunner.BooksTestsRunner" name="VerifyBookNameById" time="0.016"/>
  <testcase classname="TestsRunner.BooksTestsRunner" name="VerifybookIdbyname" time="0.001"/>
  <testcase classname="TestsRunner.BooksTestsRunner" name="verifyTotalBooks" time="0.001"/>
  <testcase classname="TestsRunner.MovieAPITestRunner" name="acessAPIWithoutToken" time="0.472"/>
  <testcase classname="TestsRunner.MovieAPITestRunner" name="verifyMovieID_with_highest_awards_Won" time="0.656"/>
  <testcase classname="TestsRunner.MovieAPITestRunner" name="verifyTotalMovieCount" time="0.017"/>
  <testcase classname="TestsRunner.MovieAPITestRunner" name="verify_ifDialogExists" time="0.666"/>
</testsuite> <!-- Test -->
