<?xml version="1.0" encoding="UTF-8"?>
<testng-results ignored="0" total="8" passed="8" failed="0" skipped="0">
  <reporter-output>
    <line>
      <![CDATA[Verify book name from book ID  test is passed..]]>
    </line>
    <line>
      <![CDATA[Verify BookID by bookname test is passed..]]>
    </line>
    <line>
      <![CDATA[Verify Total Book count test is passed..]]>
    </line>
    <line>
      <![CDATA[verifyMovieID_with_highest_RTScore is Passed.]]>
    </line>
    <line>
      <![CDATA[Access API without Token Key negative test is passed.]]>
    </line>
    <line>
      <![CDATA[verifyMovieID_with_highest_awards_Won is Passed.]]>
    </line>
    <line>
      <![CDATA[Verify total count is passed!!]]>
    </line>
    <line>
      <![CDATA[If Dialog exists test is passed.]]>
    </line>
  </reporter-output>
  <suite started-at="2024-07-21T21:05:09 IST" name="LocusAssignment_API" finished-at="2024-07-21T21:05:21 IST" duration-ms="11921">
    <groups>
    </groups>
    <test started-at="2024-07-21T21:05:09 IST" name="Test" finished-at="2024-07-21T21:05:21 IST" duration-ms="11921">
      <class name="TestsRunner.BooksTestsRunner">
        <test-method signature="VerifyBookNameById()[pri:0, instance:TestsRunner.BooksTestsRunner@7792d851]" started-at="2024-07-21T21:05:09 IST" name="VerifyBookNameById" finished-at="2024-07-21T21:05:09 IST" duration-ms="26" status="PASS">
          <reporter-output>
            <line>
              <![CDATA[Verify book name from book ID  test is passed..]]>
            </line>
          </reporter-output>
        </test-method> <!-- VerifyBookNameById -->
        <test-method signature="VerifybookIdbyname()[pri:0, instance:TestsRunner.BooksTestsRunner@7792d851]" started-at="2024-07-21T21:05:09 IST" name="VerifybookIdbyname" finished-at="2024-07-21T21:05:09 IST" duration-ms="1" status="PASS">
          <reporter-output>
            <line>
              <![CDATA[Verify BookID by bookname test is passed..]]>
            </line>
          </reporter-output>
        </test-method> <!-- VerifybookIdbyname -->
        <test-method signature="verifyTotalBooks()[pri:0, instance:TestsRunner.BooksTestsRunner@7792d851]" started-at="2024-07-21T21:05:09 IST" name="verifyTotalBooks" finished-at="2024-07-21T21:05:09 IST" duration-ms="1" status="PASS">
          <reporter-output>
            <line>
              <![CDATA[Verify Total Book count test is passed..]]>
            </line>
          </reporter-output>
        </test-method> <!-- verifyTotalBooks -->
      </class> <!-- TestsRunner.BooksTestsRunner -->
      <class name="TestsRunner.MovieAPITestRunner">
        <test-method signature="verifyMovieID_with_highest_RTSCore()[pri:0, instance:TestsRunner.MovieAPITestRunner@21de60a7]" started-at="2024-07-21T21:05:09 IST" name="verifyMovieID_with_highest_RTSCore" finished-at="2024-07-21T21:05:10 IST" duration-ms="653" status="PASS">
          <reporter-output>
            <line>
              <![CDATA[verifyMovieID_with_highest_RTScore is Passed.]]>
            </line>
          </reporter-output>
        </test-method> <!-- verifyMovieID_with_highest_RTSCore -->
        <test-method signature="acessAPIWithoutToken()[pri:0, instance:TestsRunner.MovieAPITestRunner@21de60a7]" started-at="2024-07-21T21:05:10 IST" name="acessAPIWithoutToken" finished-at="2024-07-21T21:05:10 IST" duration-ms="447" status="PASS">
          <reporter-output>
            <line>
              <![CDATA[Access API without Token Key negative test is passed.]]>
            </line>
          </reporter-output>
        </test-method> <!-- acessAPIWithoutToken -->
        <test-method signature="verifyMovieID_with_highest_awards_Won()[pri:0, instance:TestsRunner.MovieAPITestRunner@21de60a7]" started-at="2024-07-21T21:05:10 IST" name="verifyMovieID_with_highest_awards_Won" finished-at="2024-07-21T21:05:10 IST" duration-ms="81" status="PASS">
          <reporter-output>
            <line>
              <![CDATA[verifyMovieID_with_highest_awards_Won is Passed.]]>
            </line>
          </reporter-output>
        </test-method> <!-- verifyMovieID_with_highest_awards_Won -->
        <test-method signature="verifyTotalMovieCount()[pri:0, instance:TestsRunner.MovieAPITestRunner@21de60a7]" started-at="2024-07-21T21:05:10 IST" name="verifyTotalMovieCount" finished-at="2024-07-21T21:05:10 IST" duration-ms="15" status="PASS">
          <reporter-output>
            <line>
              <![CDATA[Verify total count is passed!!]]>
            </line>
          </reporter-output>
        </test-method> <!-- verifyTotalMovieCount -->
        <test-method signature="verify_ifDialogExists()[pri:0, instance:TestsRunner.MovieAPITestRunner@21de60a7]" started-at="2024-07-21T21:05:10 IST" name="verify_ifDialogExists" finished-at="2024-07-21T21:05:21 IST" depends-on-methods="TestsRunner.MovieAPITestRunner.verifyMovieID_with_highest_RTSCore" duration-ms="10672" status="PASS">
          <reporter-output>
            <line>
              <![CDATA[If Dialog exists test is passed.]]>
            </line>
          </reporter-output>
        </test-method> <!-- verify_ifDialogExists -->
      </class> <!-- TestsRunner.MovieAPITestRunner -->
    </test> <!-- Test -->
  </suite> <!-- LocusAssignment_API -->
</testng-results>
